[debug] [2025-07-29T22:39:22.920Z] ----------------------------------------------------------------------
[debug] [2025-07-29T22:39:22.922Z] Command:       /Users/trevornei/.nvm/versions/node/v24.2.0/bin/node /Users/trevornei/.nvm/versions/node/v24.2.0/bin/firebase init
[debug] [2025-07-29T22:39:22.922Z] CLI Version:   14.11.1
[debug] [2025-07-29T22:39:22.922Z] Platform:      darwin
[debug] [2025-07-29T22:39:22.922Z] Node Version:  v24.2.0
[debug] [2025-07-29T22:39:22.922Z] Time:          Tue Jul 29 2025 16:39:22 GMT-0600 (Mountain Daylight Time)
[debug] [2025-07-29T22:39:22.922Z] ----------------------------------------------------------------------
[debug] 
[debug] [2025-07-29T22:39:23.011Z] > command requires scopes: ["email","openid","https://www.googleapis.com/auth/cloudplatformprojects.readonly","https://www.googleapis.com/auth/firebase","https://www.googleapis.com/auth/cloud-platform"]
[debug] [2025-07-29T22:39:23.012Z] > authorizing via signed-in user (trevorneiwork@gmail.com)
[info] 
     ######## #### ########  ######## ########     ###     ######  ########
     ##        ##  ##     ## ##       ##     ##  ##   ##  ##       ##
     ######    ##  ########  ######   ########  #########  ######  ######
     ##        ##  ##    ##  ##       ##     ## ##     ##       ## ##
     ##       #### ##     ## ######## ########  ##     ##  ######  ########

You're about to initialize a Firebase project in this directory:

  /Users/trevornei/waveGarden/brennanswave

Before we get started, keep in mind:

  * You are initializing within an existing Firebase project directory

[debug] [2025-07-29T22:42:36.175Z] ExitPromptError: User force closed the prompt with SIGINT
    at Interface.sigint (/Users/trevornei/.nvm/versions/node/v24.2.0/lib/node_modules/firebase-tools/node_modules/@inquirer/core/dist/commonjs/lib/create-prompt.js:101:37)
    at Interface.emit (node:events:507:28)
    at Interface.emit (node:domain:489:12)
    at [_ttyWrite] [as _ttyWrite] (node:internal/readline/interface:1315:18)
    at ReadStream.onkeypress (node:internal/readline/interface:284:20)
    at ReadStream.emit (node:events:519:35)
    at ReadStream.emit (node:domain:489:12)
    at emitKeys (node:internal/readline/utils:371:14)
    at emitKeys.next (<anonymous>)
    at ReadStream.onData (node:internal/readline/emitKeypressEvents:64:36)
[error] 
[error] Error: An unexpected error has occurred.
